This file contains any messages produced by compilers while
running configure, to aid debugging if configure makes a mistake.

It was created by BAT configure 1.0.0, which was
generated by GNU Autoconf 2.69.  Invocation command line was

  $ ./configure --prefix=/global/homes/t/tongou/ttbar/batinstall/ --enable-parallel

## --------- ##
## Platform. ##
## --------- ##

hostname = pdsf7
uname -m = x86_64
uname -r = 2.6.32-696.18.7.el6.nersc.x86_64
uname -s = Linux
uname -v = #1 SMP Thu Jan 4 13:06:00 PST 2018

/usr/bin/uname -p = unknown
/bin/uname -X     = unknown

/bin/arch              = x86_64
/usr/bin/arch -k       = unknown
/usr/convex/getsysinfo = unknown
/usr/bin/hostinfo      = unknown
/bin/machine           = unknown
/usr/bin/oslevel       = unknown
/bin/universe          = unknown

PATH: /bat/install/prefix/bin
PATH: /global/homes/t/tongou/ttbar/BAT-1.0.0/install/bin
PATH: /cvmfs/atlas.cern.ch/repo/ATLASLocalRootBase/x86_64/davix/0.6.2-x86_64-slc6-gcc62-opt/x86_64-slc6-gcc62-opt/bin
PATH: /cvmfs/atlas.cern.ch/repo/ATLASLocalRootBase/x86_64/xrootd/4.6.1-x86_64-slc6-gcc62-opt/4.6.1-5209d/x86_64-slc6-gcc62-opt/bin
PATH: /cvmfs/atlas.cern.ch/repo/ATLASLocalRootBase/x86_64/root/6.10.04-x86_64-slc6-gcc62-opt/bin
PATH: /cvmfs/atlas.cern.ch/repo/ATLASLocalRootBase/x86_64/fftw/3.3.4-x86_64-slc6-gcc62-opt/bin
PATH: /cvmfs/atlas.cern.ch/repo/ATLASLocalRootBase/x86_64/gsl/2.1-x86_64-slc6-gcc62-opt/bin
PATH: /cvmfs/atlas.cern.ch/repo/ATLASLocalRootBase/x86_64/python/2.7.13-x86_64-slc6-gcc62/2.7.13-597a5/x86_64-slc6-gcc62-opt/bin
PATH: /cvmfs/atlas.cern.ch/repo/ATLASLocalRootBase/x86_64/Gcc/gcc620_x86_64_slc6/6.2.0/x86_64-slc6/bin
PATH: /usr/common/usg/wrappers
PATH: /usr/common/usg/bin
PATH: /usr/common/mss/bin
PATH: /usr/common/nsg/bin
PATH: /usr/lib64/qt-3.3/bin
PATH: /chos/common/nsg/slurm/lua/man
PATH: /chos/common/nsg/slurm/lua/bin
PATH: /chos/common/nsg/slurm/17.02.10/bin
PATH: /usr/syscom/nsg/sbin
PATH: /usr/syscom/nsg/bin
PATH: /usr/share/modules/3.2.10/Modules/3.2.10/bin
PATH: /usr/local/bin
PATH: /bin
PATH: /usr/bin
PATH: /usr/local/sbin
PATH: /usr/sbin
PATH: /sbin
PATH: /usr/local/pgi/bin


## ----------- ##
## Core tests. ##
## ----------- ##

configure:2545: checking for a BSD-compatible install
configure:2613: result: /usr/bin/install -c
configure:2624: checking whether build environment is sane
configure:2679: result: yes
configure:2830: checking for a thread-safe mkdir -p
configure:2869: result: /bin/mkdir -p
configure:2876: checking for gawk
configure:2892: found /bin/gawk
configure:2903: result: gawk
configure:2914: checking whether make sets $(MAKE)
configure:2936: result: yes
configure:2965: checking whether make supports nested variables
configure:2982: result: yes
configure:3228: checking for C++ compiler version
configure:3237: /cvmfs/atlas.cern.ch/repo/ATLASLocalRootBase/x86_64/Gcc/gcc620_x86_64_slc6/6.2.0/x86_64-slc6/bin/g++ --version >&5
g++ (GCC) 6.2.0
Copyright (C) 2016 Free Software Foundation, Inc.
This is free software; see the source for copying conditions.  There is NO
warranty; not even for MERCHANTABILITY or FITNESS FOR A PARTICULAR PURPOSE.

configure:3248: $? = 0
configure:3237: /cvmfs/atlas.cern.ch/repo/ATLASLocalRootBase/x86_64/Gcc/gcc620_x86_64_slc6/6.2.0/x86_64-slc6/bin/g++ -v >&5
Using built-in specs.
COLLECT_GCC=/cvmfs/atlas.cern.ch/repo/ATLASLocalRootBase/x86_64/Gcc/gcc620_x86_64_slc6/6.2.0/x86_64-slc6/bin/g++
COLLECT_LTO_WRAPPER=/cvmfs/atlas.cern.ch/repo/ATLASLocalRootBase/x86_64/Gcc/gcc620_x86_64_slc6/6.2.0/x86_64-slc6/bin/../libexec/gcc/x86_64-pc-linux-gnu/6.2.0/lto-wrapper
Target: x86_64-pc-linux-gnu
Configured with: ../gcc-6.2.0/configure --prefix=/build/pmendez-sftnight/install-620local -with-system-zlib --disable-multilib --enable-languages=all
Thread model: posix
gcc version 6.2.0 (GCC) 
configure:3248: $? = 0
configure:3237: /cvmfs/atlas.cern.ch/repo/ATLASLocalRootBase/x86_64/Gcc/gcc620_x86_64_slc6/6.2.0/x86_64-slc6/bin/g++ -V >&5
g++: error: unrecognized command line option '-V'
g++: fatal error: no input files
compilation terminated.
configure:3248: $? = 1
configure:3237: /cvmfs/atlas.cern.ch/repo/ATLASLocalRootBase/x86_64/Gcc/gcc620_x86_64_slc6/6.2.0/x86_64-slc6/bin/g++ -qversion >&5
g++: error: unrecognized command line option '-qversion'; did you mean '--version'?
g++: fatal error: no input files
compilation terminated.
configure:3248: $? = 1
configure:3268: checking whether the C++ compiler works
configure:3290: /cvmfs/atlas.cern.ch/repo/ATLASLocalRootBase/x86_64/Gcc/gcc620_x86_64_slc6/6.2.0/x86_64-slc6/bin/g++    conftest.cpp  >&5
configure:3294: $? = 0
configure:3342: result: yes
configure:3345: checking for C++ compiler default output file name
configure:3347: result: a.out
configure:3353: checking for suffix of executables
configure:3360: /cvmfs/atlas.cern.ch/repo/ATLASLocalRootBase/x86_64/Gcc/gcc620_x86_64_slc6/6.2.0/x86_64-slc6/bin/g++ -o conftest    conftest.cpp  >&5
configure:3364: $? = 0
configure:3386: result: 
configure:3408: checking whether we are cross compiling
configure:3416: /cvmfs/atlas.cern.ch/repo/ATLASLocalRootBase/x86_64/Gcc/gcc620_x86_64_slc6/6.2.0/x86_64-slc6/bin/g++ -o conftest    conftest.cpp  >&5
configure:3420: $? = 0
configure:3427: ./conftest
configure:3431: $? = 0
configure:3446: result: no
configure:3451: checking for suffix of object files
configure:3473: /cvmfs/atlas.cern.ch/repo/ATLASLocalRootBase/x86_64/Gcc/gcc620_x86_64_slc6/6.2.0/x86_64-slc6/bin/g++ -c   conftest.cpp >&5
configure:3477: $? = 0
configure:3498: result: o
configure:3502: checking whether we are using the GNU C++ compiler
configure:3521: /cvmfs/atlas.cern.ch/repo/ATLASLocalRootBase/x86_64/Gcc/gcc620_x86_64_slc6/6.2.0/x86_64-slc6/bin/g++ -c   conftest.cpp >&5
configure:3521: $? = 0
configure:3530: result: yes
configure:3539: checking whether /cvmfs/atlas.cern.ch/repo/ATLASLocalRootBase/x86_64/Gcc/gcc620_x86_64_slc6/6.2.0/x86_64-slc6/bin/g++ accepts -g
configure:3559: /cvmfs/atlas.cern.ch/repo/ATLASLocalRootBase/x86_64/Gcc/gcc620_x86_64_slc6/6.2.0/x86_64-slc6/bin/g++ -c -g  conftest.cpp >&5
configure:3559: $? = 0
configure:3600: result: yes
configure:3634: checking for style of include used by make
configure:3662: result: GNU
configure:3688: checking dependency style of /cvmfs/atlas.cern.ch/repo/ATLASLocalRootBase/x86_64/Gcc/gcc620_x86_64_slc6/6.2.0/x86_64-slc6/bin/g++
configure:3799: result: gcc3
configure:3843: checking build system type
configure:3857: result: x86_64-pc-linux-gnu
configure:3877: checking host system type
configure:3890: result: x86_64-pc-linux-gnu
configure:3931: checking how to print strings
configure:3958: result: printf
configure:4027: checking for gcc
configure:4054: result: /cvmfs/atlas.cern.ch/repo/ATLASLocalRootBase/x86_64/Gcc/gcc620_x86_64_slc6/6.2.0/x86_64-slc6/bin/gcc
configure:4283: checking for C compiler version
configure:4292: /cvmfs/atlas.cern.ch/repo/ATLASLocalRootBase/x86_64/Gcc/gcc620_x86_64_slc6/6.2.0/x86_64-slc6/bin/gcc --version >&5
gcc (GCC) 6.2.0
Copyright (C) 2016 Free Software Foundation, Inc.
This is free software; see the source for copying conditions.  There is NO
warranty; not even for MERCHANTABILITY or FITNESS FOR A PARTICULAR PURPOSE.

configure:4303: $? = 0
configure:4292: /cvmfs/atlas.cern.ch/repo/ATLASLocalRootBase/x86_64/Gcc/gcc620_x86_64_slc6/6.2.0/x86_64-slc6/bin/gcc -v >&5
Using built-in specs.
COLLECT_GCC=/cvmfs/atlas.cern.ch/repo/ATLASLocalRootBase/x86_64/Gcc/gcc620_x86_64_slc6/6.2.0/x86_64-slc6/bin/gcc
COLLECT_LTO_WRAPPER=/cvmfs/atlas.cern.ch/repo/ATLASLocalRootBase/x86_64/Gcc/gcc620_x86_64_slc6/6.2.0/x86_64-slc6/bin/../libexec/gcc/x86_64-pc-linux-gnu/6.2.0/lto-wrapper
Target: x86_64-pc-linux-gnu
Configured with: ../gcc-6.2.0/configure --prefix=/build/pmendez-sftnight/install-620local -with-system-zlib --disable-multilib --enable-languages=all
Thread model: posix
gcc version 6.2.0 (GCC) 
configure:4303: $? = 0
configure:4292: /cvmfs/atlas.cern.ch/repo/ATLASLocalRootBase/x86_64/Gcc/gcc620_x86_64_slc6/6.2.0/x86_64-slc6/bin/gcc -V >&5
gcc: error: unrecognized command line option '-V'
gcc: fatal error: no input files
compilation terminated.
configure:4303: $? = 1
configure:4292: /cvmfs/atlas.cern.ch/repo/ATLASLocalRootBase/x86_64/Gcc/gcc620_x86_64_slc6/6.2.0/x86_64-slc6/bin/gcc -qversion >&5
gcc: error: unrecognized command line option '-qversion'; did you mean '--version'?
gcc: fatal error: no input files
compilation terminated.
configure:4303: $? = 1
configure:4307: checking whether we are using the GNU C compiler
configure:4326: /cvmfs/atlas.cern.ch/repo/ATLASLocalRootBase/x86_64/Gcc/gcc620_x86_64_slc6/6.2.0/x86_64-slc6/bin/gcc -c   conftest.c >&5
configure:4326: $? = 0
configure:4335: result: yes
configure:4344: checking whether /cvmfs/atlas.cern.ch/repo/ATLASLocalRootBase/x86_64/Gcc/gcc620_x86_64_slc6/6.2.0/x86_64-slc6/bin/gcc accepts -g
configure:4364: /cvmfs/atlas.cern.ch/repo/ATLASLocalRootBase/x86_64/Gcc/gcc620_x86_64_slc6/6.2.0/x86_64-slc6/bin/gcc -c -g  conftest.c >&5
configure:4364: $? = 0
configure:4405: result: yes
configure:4422: checking for /cvmfs/atlas.cern.ch/repo/ATLASLocalRootBase/x86_64/Gcc/gcc620_x86_64_slc6/6.2.0/x86_64-slc6/bin/gcc option to accept ISO C89
configure:4485: /cvmfs/atlas.cern.ch/repo/ATLASLocalRootBase/x86_64/Gcc/gcc620_x86_64_slc6/6.2.0/x86_64-slc6/bin/gcc  -c   conftest.c >&5
configure:4485: $? = 0
configure:4498: result: none needed
configure:4523: checking whether /cvmfs/atlas.cern.ch/repo/ATLASLocalRootBase/x86_64/Gcc/gcc620_x86_64_slc6/6.2.0/x86_64-slc6/bin/gcc understands -c and -o together
configure:4545: /cvmfs/atlas.cern.ch/repo/ATLASLocalRootBase/x86_64/Gcc/gcc620_x86_64_slc6/6.2.0/x86_64-slc6/bin/gcc -c conftest.c -o conftest2.o
configure:4548: $? = 0
configure:4545: /cvmfs/atlas.cern.ch/repo/ATLASLocalRootBase/x86_64/Gcc/gcc620_x86_64_slc6/6.2.0/x86_64-slc6/bin/gcc -c conftest.c -o conftest2.o
configure:4548: $? = 0
configure:4560: result: yes
configure:4579: checking dependency style of /cvmfs/atlas.cern.ch/repo/ATLASLocalRootBase/x86_64/Gcc/gcc620_x86_64_slc6/6.2.0/x86_64-slc6/bin/gcc
configure:4690: result: gcc3
configure:4705: checking for a sed that does not truncate output
configure:4769: result: /bin/sed
configure:4787: checking for grep that handles long lines and -e
configure:4845: result: /bin/grep
configure:4850: checking for egrep
configure:4912: result: /bin/grep -E
configure:4917: checking for fgrep
configure:4979: result: /bin/grep -F
configure:5014: checking for ld used by /cvmfs/atlas.cern.ch/repo/ATLASLocalRootBase/x86_64/Gcc/gcc620_x86_64_slc6/6.2.0/x86_64-slc6/bin/gcc
configure:5081: result: /usr/bin/ld
configure:5088: checking if the linker (/usr/bin/ld) is GNU ld
configure:5103: result: yes
configure:5115: checking for BSD- or MS-compatible name lister (nm)
configure:5169: result: /usr/bin/nm -B
configure:5299: checking the name lister (/usr/bin/nm -B) interface
configure:5306: /cvmfs/atlas.cern.ch/repo/ATLASLocalRootBase/x86_64/Gcc/gcc620_x86_64_slc6/6.2.0/x86_64-slc6/bin/g++ -c   conftest.cpp >&5
configure:5309: /usr/bin/nm -B "conftest.o"
configure:5312: output
0000000000000000 B some_variable
configure:5319: result: BSD nm
configure:5322: checking whether ln -s works
configure:5326: result: yes
configure:5334: checking the maximum length of command line arguments
configure:5465: result: 1572864
configure:5513: checking how to convert x86_64-pc-linux-gnu file names to x86_64-pc-linux-gnu format
configure:5553: result: func_convert_file_noop
configure:5560: checking how to convert x86_64-pc-linux-gnu file names to toolchain format
configure:5580: result: func_convert_file_noop
configure:5587: checking for /usr/bin/ld option to reload object files
configure:5594: result: -r
configure:5668: checking for objdump
configure:5684: found /usr/bin/objdump
configure:5695: result: objdump
configure:5727: checking how to recognize dependent libraries
configure:5927: result: pass_all
configure:6012: checking for dlltool
configure:6042: result: no
configure:6072: checking how to associate runtime and link libraries
configure:6099: result: printf %s\n
configure:6160: checking for ar
configure:6176: found /usr/bin/ar
configure:6187: result: ar
configure:6224: checking for archiver @FILE support
configure:6241: /cvmfs/atlas.cern.ch/repo/ATLASLocalRootBase/x86_64/Gcc/gcc620_x86_64_slc6/6.2.0/x86_64-slc6/bin/g++ -c   conftest.cpp >&5
configure:6241: $? = 0
configure:6244: ar cru libconftest.a @conftest.lst >&5
configure:6247: $? = 0
configure:6252: ar cru libconftest.a @conftest.lst >&5
ar: conftest.o: No such file or directory
configure:6255: $? = 1
configure:6267: result: @
configure:6325: checking for strip
configure:6341: found /usr/bin/strip
configure:6352: result: strip
configure:6424: checking for ranlib
configure:6440: found /usr/bin/ranlib
configure:6451: result: ranlib
configure:6553: checking command to parse /usr/bin/nm -B output from /cvmfs/atlas.cern.ch/repo/ATLASLocalRootBase/x86_64/Gcc/gcc620_x86_64_slc6/6.2.0/x86_64-slc6/bin/gcc object
configure:6706: /cvmfs/atlas.cern.ch/repo/ATLASLocalRootBase/x86_64/Gcc/gcc620_x86_64_slc6/6.2.0/x86_64-slc6/bin/g++ -c   conftest.cpp >&5
configure:6709: $? = 0
configure:6713: /usr/bin/nm -B conftest.o \| sed -n -e 's/^.*[ ]\([ABCDGIRSTW][ABCDGIRSTW]*\)[ ][ ]*\([_A-Za-z][_A-Za-z0-9]*\)$/\1 \2 \2/p' | sed '/ __gnu_lto/d' \> conftest.nm
configure:6716: $? = 0
configure:6782: /cvmfs/atlas.cern.ch/repo/ATLASLocalRootBase/x86_64/Gcc/gcc620_x86_64_slc6/6.2.0/x86_64-slc6/bin/g++ -o conftest    conftest.cpp conftstm.o >&5
configure:6785: $? = 0
configure:6823: result: ok
configure:6870: checking for sysroot
configure:6900: result: no
configure:6907: checking for a working dd
configure:6945: result: /bin/dd
configure:6949: checking how to truncate binary pipes
configure:6964: result: /bin/dd bs=4096 count=1
configure:7101: /cvmfs/atlas.cern.ch/repo/ATLASLocalRootBase/x86_64/Gcc/gcc620_x86_64_slc6/6.2.0/x86_64-slc6/bin/g++ -c   conftest.cpp >&5
configure:7104: $? = 0
configure:7294: checking for mt
configure:7324: result: no
configure:7344: checking if : is a manifest tool
configure:7350: : '-?'
configure:7358: result: no
configure:8035: checking how to run the C preprocessor
configure:8066: /cvmfs/atlas.cern.ch/repo/ATLASLocalRootBase/x86_64/Gcc/gcc620_x86_64_slc6/6.2.0/x86_64-slc6/bin/gcc -E  conftest.c
configure:8066: $? = 0
configure:8080: /cvmfs/atlas.cern.ch/repo/ATLASLocalRootBase/x86_64/Gcc/gcc620_x86_64_slc6/6.2.0/x86_64-slc6/bin/gcc -E  conftest.c
conftest.c:11:28: fatal error: ac_nonexistent.h: No such file or directory
 #include <ac_nonexistent.h>
                            ^
compilation terminated.
configure:8080: $? = 1
configure: failed program was:
| /* confdefs.h */
| #define PACKAGE_NAME "BAT"
| #define PACKAGE_TARNAME "BAT"
| #define PACKAGE_VERSION "1.0.0"
| #define PACKAGE_STRING "BAT 1.0.0"
| #define PACKAGE_BUGREPORT ""
| #define PACKAGE_URL ""
| #define PACKAGE "BAT"
| #define VERSION "1.0.0"
| /* end confdefs.h.  */
| #include <ac_nonexistent.h>
configure:8105: result: /cvmfs/atlas.cern.ch/repo/ATLASLocalRootBase/x86_64/Gcc/gcc620_x86_64_slc6/6.2.0/x86_64-slc6/bin/gcc -E
configure:8125: /cvmfs/atlas.cern.ch/repo/ATLASLocalRootBase/x86_64/Gcc/gcc620_x86_64_slc6/6.2.0/x86_64-slc6/bin/gcc -E  conftest.c
configure:8125: $? = 0
configure:8139: /cvmfs/atlas.cern.ch/repo/ATLASLocalRootBase/x86_64/Gcc/gcc620_x86_64_slc6/6.2.0/x86_64-slc6/bin/gcc -E  conftest.c
conftest.c:11:28: fatal error: ac_nonexistent.h: No such file or directory
 #include <ac_nonexistent.h>
                            ^
compilation terminated.
configure:8139: $? = 1
configure: failed program was:
| /* confdefs.h */
| #define PACKAGE_NAME "BAT"
| #define PACKAGE_TARNAME "BAT"
| #define PACKAGE_VERSION "1.0.0"
| #define PACKAGE_STRING "BAT 1.0.0"
| #define PACKAGE_BUGREPORT ""
| #define PACKAGE_URL ""
| #define PACKAGE "BAT"
| #define VERSION "1.0.0"
| /* end confdefs.h.  */
| #include <ac_nonexistent.h>
configure:8168: checking for ANSI C header files
configure:8188: /cvmfs/atlas.cern.ch/repo/ATLASLocalRootBase/x86_64/Gcc/gcc620_x86_64_slc6/6.2.0/x86_64-slc6/bin/gcc -c   conftest.c >&5
configure:8188: $? = 0
configure:8261: /cvmfs/atlas.cern.ch/repo/ATLASLocalRootBase/x86_64/Gcc/gcc620_x86_64_slc6/6.2.0/x86_64-slc6/bin/gcc -o conftest    conftest.c  >&5
configure:8261: $? = 0
configure:8261: ./conftest
configure:8261: $? = 0
configure:8272: result: yes
configure:8285: checking for sys/types.h
configure:8285: /cvmfs/atlas.cern.ch/repo/ATLASLocalRootBase/x86_64/Gcc/gcc620_x86_64_slc6/6.2.0/x86_64-slc6/bin/gcc -c   conftest.c >&5
configure:8285: $? = 0
configure:8285: result: yes
configure:8285: checking for sys/stat.h
configure:8285: /cvmfs/atlas.cern.ch/repo/ATLASLocalRootBase/x86_64/Gcc/gcc620_x86_64_slc6/6.2.0/x86_64-slc6/bin/gcc -c   conftest.c >&5
configure:8285: $? = 0
configure:8285: result: yes
configure:8285: checking for stdlib.h
configure:8285: /cvmfs/atlas.cern.ch/repo/ATLASLocalRootBase/x86_64/Gcc/gcc620_x86_64_slc6/6.2.0/x86_64-slc6/bin/gcc -c   conftest.c >&5
configure:8285: $? = 0
configure:8285: result: yes
configure:8285: checking for string.h
configure:8285: /cvmfs/atlas.cern.ch/repo/ATLASLocalRootBase/x86_64/Gcc/gcc620_x86_64_slc6/6.2.0/x86_64-slc6/bin/gcc -c   conftest.c >&5
configure:8285: $? = 0
configure:8285: result: yes
configure:8285: checking for memory.h
configure:8285: /cvmfs/atlas.cern.ch/repo/ATLASLocalRootBase/x86_64/Gcc/gcc620_x86_64_slc6/6.2.0/x86_64-slc6/bin/gcc -c   conftest.c >&5
configure:8285: $? = 0
configure:8285: result: yes
configure:8285: checking for strings.h
configure:8285: /cvmfs/atlas.cern.ch/repo/ATLASLocalRootBase/x86_64/Gcc/gcc620_x86_64_slc6/6.2.0/x86_64-slc6/bin/gcc -c   conftest.c >&5
configure:8285: $? = 0
configure:8285: result: yes
configure:8285: checking for inttypes.h
configure:8285: /cvmfs/atlas.cern.ch/repo/ATLASLocalRootBase/x86_64/Gcc/gcc620_x86_64_slc6/6.2.0/x86_64-slc6/bin/gcc -c   conftest.c >&5
configure:8285: $? = 0
configure:8285: result: yes
configure:8285: checking for stdint.h
configure:8285: /cvmfs/atlas.cern.ch/repo/ATLASLocalRootBase/x86_64/Gcc/gcc620_x86_64_slc6/6.2.0/x86_64-slc6/bin/gcc -c   conftest.c >&5
configure:8285: $? = 0
configure:8285: result: yes
configure:8285: checking for unistd.h
configure:8285: /cvmfs/atlas.cern.ch/repo/ATLASLocalRootBase/x86_64/Gcc/gcc620_x86_64_slc6/6.2.0/x86_64-slc6/bin/gcc -c   conftest.c >&5
configure:8285: $? = 0
configure:8285: result: yes
configure:8299: checking for dlfcn.h
configure:8299: /cvmfs/atlas.cern.ch/repo/ATLASLocalRootBase/x86_64/Gcc/gcc620_x86_64_slc6/6.2.0/x86_64-slc6/bin/gcc -c   conftest.c >&5
configure:8299: $? = 0
configure:8299: result: yes
configure:8565: checking for objdir
configure:8580: result: .libs
configure:8844: checking if /cvmfs/atlas.cern.ch/repo/ATLASLocalRootBase/x86_64/Gcc/gcc620_x86_64_slc6/6.2.0/x86_64-slc6/bin/gcc supports -fno-rtti -fno-exceptions
configure:8862: /cvmfs/atlas.cern.ch/repo/ATLASLocalRootBase/x86_64/Gcc/gcc620_x86_64_slc6/6.2.0/x86_64-slc6/bin/gcc -c   -fno-rtti -fno-exceptions conftest.c >&5
cc1: warning: command line option '-fno-rtti' is valid for C++/ObjC++ but not for C
configure:8866: $? = 0
configure:8879: result: no
configure:9237: checking for /cvmfs/atlas.cern.ch/repo/ATLASLocalRootBase/x86_64/Gcc/gcc620_x86_64_slc6/6.2.0/x86_64-slc6/bin/gcc option to produce PIC
configure:9244: result: -fPIC -DPIC
configure:9252: checking if /cvmfs/atlas.cern.ch/repo/ATLASLocalRootBase/x86_64/Gcc/gcc620_x86_64_slc6/6.2.0/x86_64-slc6/bin/gcc PIC flag -fPIC -DPIC works
configure:9270: /cvmfs/atlas.cern.ch/repo/ATLASLocalRootBase/x86_64/Gcc/gcc620_x86_64_slc6/6.2.0/x86_64-slc6/bin/gcc -c   -fPIC -DPIC -DPIC conftest.c >&5
configure:9274: $? = 0
configure:9287: result: yes
configure:9316: checking if /cvmfs/atlas.cern.ch/repo/ATLASLocalRootBase/x86_64/Gcc/gcc620_x86_64_slc6/6.2.0/x86_64-slc6/bin/gcc static flag -static works
configure:9344: result: yes
configure:9359: checking if /cvmfs/atlas.cern.ch/repo/ATLASLocalRootBase/x86_64/Gcc/gcc620_x86_64_slc6/6.2.0/x86_64-slc6/bin/gcc supports -c -o file.o
configure:9380: /cvmfs/atlas.cern.ch/repo/ATLASLocalRootBase/x86_64/Gcc/gcc620_x86_64_slc6/6.2.0/x86_64-slc6/bin/gcc -c   -o out/conftest2.o conftest.c >&5
configure:9384: $? = 0
configure:9406: result: yes
configure:9414: checking if /cvmfs/atlas.cern.ch/repo/ATLASLocalRootBase/x86_64/Gcc/gcc620_x86_64_slc6/6.2.0/x86_64-slc6/bin/gcc supports -c -o file.o
configure:9461: result: yes
configure:9494: checking whether the /cvmfs/atlas.cern.ch/repo/ATLASLocalRootBase/x86_64/Gcc/gcc620_x86_64_slc6/6.2.0/x86_64-slc6/bin/gcc linker (/usr/bin/ld -m elf_x86_64) supports shared libraries
configure:10757: result: yes
configure:10794: checking whether -lc should be explicitly linked in
configure:10802: /cvmfs/atlas.cern.ch/repo/ATLASLocalRootBase/x86_64/Gcc/gcc620_x86_64_slc6/6.2.0/x86_64-slc6/bin/gcc -c   conftest.c >&5
configure:10805: $? = 0
configure:10820: /cvmfs/atlas.cern.ch/repo/ATLASLocalRootBase/x86_64/Gcc/gcc620_x86_64_slc6/6.2.0/x86_64-slc6/bin/gcc -shared  -fPIC -DPIC conftest.o  -v -Wl,-soname -Wl,conftest -o conftest 2\>\&1 \| /bin/grep  -lc  \>/dev/null 2\>\&1
configure:10823: $? = 0
configure:10837: result: no
configure:10997: checking dynamic linker characteristics
configure:11578: /cvmfs/atlas.cern.ch/repo/ATLASLocalRootBase/x86_64/Gcc/gcc620_x86_64_slc6/6.2.0/x86_64-slc6/bin/gcc -o conftest    -Wl,-rpath -Wl,/foo conftest.c  >&5
configure:11578: $? = 0
configure:11827: result: GNU/Linux ld.so
configure:11949: checking how to hardcode library paths into programs
configure:11974: result: immediate
configure:12522: checking whether stripping libraries is possible
configure:12527: result: yes
configure:12562: checking if libtool supports shared libraries
configure:12564: result: yes
configure:12567: checking whether to build shared libraries
configure:12592: result: yes
configure:12595: checking whether to build static libraries
configure:12599: result: yes
configure:12622: checking how to run the C++ preprocessor
configure:12649: /cvmfs/atlas.cern.ch/repo/ATLASLocalRootBase/x86_64/Gcc/gcc620_x86_64_slc6/6.2.0/x86_64-slc6/bin/g++ -E  conftest.cpp
configure:12649: $? = 0
configure:12663: /cvmfs/atlas.cern.ch/repo/ATLASLocalRootBase/x86_64/Gcc/gcc620_x86_64_slc6/6.2.0/x86_64-slc6/bin/g++ -E  conftest.cpp
conftest.cpp:23:28: fatal error: ac_nonexistent.h: No such file or directory
 #include <ac_nonexistent.h>
                            ^
compilation terminated.
configure:12663: $? = 1
configure: failed program was:
| /* confdefs.h */
| #define PACKAGE_NAME "BAT"
| #define PACKAGE_TARNAME "BAT"
| #define PACKAGE_VERSION "1.0.0"
| #define PACKAGE_STRING "BAT 1.0.0"
| #define PACKAGE_BUGREPORT ""
| #define PACKAGE_URL ""
| #define PACKAGE "BAT"
| #define VERSION "1.0.0"
| #define STDC_HEADERS 1
| #define HAVE_SYS_TYPES_H 1
| #define HAVE_SYS_STAT_H 1
| #define HAVE_STDLIB_H 1
| #define HAVE_STRING_H 1
| #define HAVE_MEMORY_H 1
| #define HAVE_STRINGS_H 1
| #define HAVE_INTTYPES_H 1
| #define HAVE_STDINT_H 1
| #define HAVE_UNISTD_H 1
| #define HAVE_DLFCN_H 1
| #define LT_OBJDIR ".libs/"
| /* end confdefs.h.  */
| #include <ac_nonexistent.h>
configure:12688: result: /cvmfs/atlas.cern.ch/repo/ATLASLocalRootBase/x86_64/Gcc/gcc620_x86_64_slc6/6.2.0/x86_64-slc6/bin/g++ -E
configure:12708: /cvmfs/atlas.cern.ch/repo/ATLASLocalRootBase/x86_64/Gcc/gcc620_x86_64_slc6/6.2.0/x86_64-slc6/bin/g++ -E  conftest.cpp
configure:12708: $? = 0
configure:12722: /cvmfs/atlas.cern.ch/repo/ATLASLocalRootBase/x86_64/Gcc/gcc620_x86_64_slc6/6.2.0/x86_64-slc6/bin/g++ -E  conftest.cpp
conftest.cpp:23:28: fatal error: ac_nonexistent.h: No such file or directory
 #include <ac_nonexistent.h>
                            ^
compilation terminated.
configure:12722: $? = 1
configure: failed program was:
| /* confdefs.h */
| #define PACKAGE_NAME "BAT"
| #define PACKAGE_TARNAME "BAT"
| #define PACKAGE_VERSION "1.0.0"
| #define PACKAGE_STRING "BAT 1.0.0"
| #define PACKAGE_BUGREPORT ""
| #define PACKAGE_URL ""
| #define PACKAGE "BAT"
| #define VERSION "1.0.0"
| #define STDC_HEADERS 1
| #define HAVE_SYS_TYPES_H 1
| #define HAVE_SYS_STAT_H 1
| #define HAVE_STDLIB_H 1
| #define HAVE_STRING_H 1
| #define HAVE_MEMORY_H 1
| #define HAVE_STRINGS_H 1
| #define HAVE_INTTYPES_H 1
| #define HAVE_STDINT_H 1
| #define HAVE_UNISTD_H 1
| #define HAVE_DLFCN_H 1
| #define LT_OBJDIR ".libs/"
| /* end confdefs.h.  */
| #include <ac_nonexistent.h>
configure:12884: checking for ld used by /cvmfs/atlas.cern.ch/repo/ATLASLocalRootBase/x86_64/Gcc/gcc620_x86_64_slc6/6.2.0/x86_64-slc6/bin/g++
configure:12951: result: /usr/bin/ld -m elf_x86_64
configure:12958: checking if the linker (/usr/bin/ld -m elf_x86_64) is GNU ld
configure:12973: result: yes
configure:13028: checking whether the /cvmfs/atlas.cern.ch/repo/ATLASLocalRootBase/x86_64/Gcc/gcc620_x86_64_slc6/6.2.0/x86_64-slc6/bin/g++ linker (/usr/bin/ld -m elf_x86_64) supports shared libraries
configure:14101: result: yes
configure:14137: /cvmfs/atlas.cern.ch/repo/ATLASLocalRootBase/x86_64/Gcc/gcc620_x86_64_slc6/6.2.0/x86_64-slc6/bin/g++ -c   conftest.cpp >&5
configure:14140: $? = 0
configure:14621: checking for /cvmfs/atlas.cern.ch/repo/ATLASLocalRootBase/x86_64/Gcc/gcc620_x86_64_slc6/6.2.0/x86_64-slc6/bin/g++ option to produce PIC
configure:14628: result: -fPIC -DPIC
configure:14636: checking if /cvmfs/atlas.cern.ch/repo/ATLASLocalRootBase/x86_64/Gcc/gcc620_x86_64_slc6/6.2.0/x86_64-slc6/bin/g++ PIC flag -fPIC -DPIC works
configure:14654: /cvmfs/atlas.cern.ch/repo/ATLASLocalRootBase/x86_64/Gcc/gcc620_x86_64_slc6/6.2.0/x86_64-slc6/bin/g++ -c   -fPIC -DPIC -DPIC conftest.cpp >&5
configure:14658: $? = 0
configure:14671: result: yes
configure:14694: checking if /cvmfs/atlas.cern.ch/repo/ATLASLocalRootBase/x86_64/Gcc/gcc620_x86_64_slc6/6.2.0/x86_64-slc6/bin/g++ static flag -static works
configure:14722: result: yes
configure:14734: checking if /cvmfs/atlas.cern.ch/repo/ATLASLocalRootBase/x86_64/Gcc/gcc620_x86_64_slc6/6.2.0/x86_64-slc6/bin/g++ supports -c -o file.o
configure:14755: /cvmfs/atlas.cern.ch/repo/ATLASLocalRootBase/x86_64/Gcc/gcc620_x86_64_slc6/6.2.0/x86_64-slc6/bin/g++ -c   -o out/conftest2.o conftest.cpp >&5
configure:14759: $? = 0
configure:14781: result: yes
configure:14786: checking if /cvmfs/atlas.cern.ch/repo/ATLASLocalRootBase/x86_64/Gcc/gcc620_x86_64_slc6/6.2.0/x86_64-slc6/bin/g++ supports -c -o file.o
configure:14833: result: yes
configure:14863: checking whether the /cvmfs/atlas.cern.ch/repo/ATLASLocalRootBase/x86_64/Gcc/gcc620_x86_64_slc6/6.2.0/x86_64-slc6/bin/g++ linker (/usr/bin/ld -m elf_x86_64) supports shared libraries
configure:14906: result: yes
configure:15047: checking dynamic linker characteristics
configure:15804: result: GNU/Linux ld.so
configure:15869: checking how to hardcode library paths into programs
configure:15894: result: immediate
configure:15956: checking for ANSI C header files
configure:16060: result: yes
configure:16074: checking for utime.h
configure:16074: /cvmfs/atlas.cern.ch/repo/ATLASLocalRootBase/x86_64/Gcc/gcc620_x86_64_slc6/6.2.0/x86_64-slc6/bin/g++ -c   conftest.cpp >&5
configure:16074: $? = 0
configure:16074: result: yes
configure:16088: checking whether utime accepts a null argument
configure:16117: /cvmfs/atlas.cern.ch/repo/ATLASLocalRootBase/x86_64/Gcc/gcc620_x86_64_slc6/6.2.0/x86_64-slc6/bin/g++ -o conftest    conftest.cpp  >&5
configure:16117: $? = 0
configure:16117: ./conftest
configure:16117: $? = 0
configure:16127: result: yes
configure:16269: checking for OpenMP flag of C++ compiler
configure:16314: /cvmfs/atlas.cern.ch/repo/ATLASLocalRootBase/x86_64/Gcc/gcc620_x86_64_slc6/6.2.0/x86_64-slc6/bin/g++ -o conftest  -fopenmp   conftest.cpp  >&5
configure:16314: $? = 0
configure:16323: result: -fopenmp
configure:16397: checking for curl
configure:16413: found /usr/bin/curl
configure:16424: result: curl
configure:16440: checking for wget
configure:16456: found /usr/bin/wget
configure:16467: result: wget
configure:16871: checking for root-config
configure:16889: found /cvmfs/atlas.cern.ch/repo/ATLASLocalRootBase/x86_64/root/6.10.04-x86_64-slc6-gcc62-opt/bin/root-config
configure:16902: result: /cvmfs/atlas.cern.ch/repo/ATLASLocalRootBase/x86_64/root/6.10.04-x86_64-slc6-gcc62-opt/bin/root-config
configure:16912: checking for root
configure:16930: found /cvmfs/atlas.cern.ch/repo/ATLASLocalRootBase/x86_64/root/6.10.04-x86_64-slc6-gcc62-opt/bin/root
configure:16943: result: /cvmfs/atlas.cern.ch/repo/ATLASLocalRootBase/x86_64/root/6.10.04-x86_64-slc6-gcc62-opt/bin/root
configure:16953: checking for rootcint
configure:16971: found /cvmfs/atlas.cern.ch/repo/ATLASLocalRootBase/x86_64/root/6.10.04-x86_64-slc6-gcc62-opt/bin/rootcint
configure:16984: result: /cvmfs/atlas.cern.ch/repo/ATLASLocalRootBase/x86_64/root/6.10.04-x86_64-slc6-gcc62-opt/bin/rootcint
configure:16994: checking for rootcling
configure:17012: found /cvmfs/atlas.cern.ch/repo/ATLASLocalRootBase/x86_64/root/6.10.04-x86_64-slc6-gcc62-opt/bin/rootcling
configure:17025: result: /cvmfs/atlas.cern.ch/repo/ATLASLocalRootBase/x86_64/root/6.10.04-x86_64-slc6-gcc62-opt/bin/rootcling
configure:17035: checking for rlibmap
configure:17066: result: false
configure:17107: checking whether ROOT version >= 5.34.19
configure:17122: result: yes
configure:17162: checking whether ROOT is compiled with MathMore support
configure:17165: result: yes
configure:17317: checking for pkg-config
configure:17333: found /usr/bin/pkg-config
configure:17344: result: pkg-config
configure:17494: checking that generated files are newer than configure
configure:17500: result: done
configure:17563: creating ./config.status

## ---------------------- ##
## Running config.status. ##
## ---------------------- ##

This file was extended by BAT config.status 1.0.0, which was
generated by GNU Autoconf 2.69.  Invocation command line was

  CONFIG_FILES    = 
  CONFIG_HEADERS  = 
  CONFIG_LINKS    = 
  CONFIG_COMMANDS = 
  $ ./config.status 

on pdsf7

config.status:1238: creating Makefile
config.status:1238: creating bat.pc
config.status:1238: creating bat-config
config.status:1238: creating test-env.sh
config.status:1238: creating src/Makefile
config.status:1238: creating models/base/Makefile
config.status:1238: creating models/mtf/Makefile
config.status:1238: creating test/Makefile
config.status:1238: creating tools/MakefileTemplate
config.status:1238: creating examples/Makefile
config.status:1238: creating examples/basic/Makefile
config.status:1238: creating examples/basic/binomial/Makefile
config.status:1238: creating examples/basic/combination1d/Makefile
config.status:1238: creating examples/basic/combination2d/Makefile
config.status:1238: creating examples/basic/efficiencyFitter/Makefile
config.status:1238: creating examples/basic/errorPropagation/Makefile
config.status:1238: creating examples/basic/graphFitter/Makefile
config.status:1238: creating examples/basic/histogramFitter/Makefile
config.status:1238: creating examples/basic/poisson/Makefile
config.status:1238: creating examples/basic/rootOutput/Makefile
config.status:1238: creating examples/basic/tutorial/Makefile
config.status:1238: creating examples/advanced/Makefile
config.status:1238: creating examples/advanced/advancedGraphFitter/Makefile
config.status:1238: creating examples/advanced/mtf/Makefile
config.status:1238: creating examples/advanced/mtf/ensembleTest/Makefile
config.status:1238: creating examples/advanced/mtf/mcstat/Makefile
config.status:1238: creating examples/advanced/mtf/singleChannel/Makefile
config.status:1238: creating examples/advanced/mtf/systematics/Makefile
config.status:1238: creating examples/advanced/mtf/twoChannels/Makefile
config.status:1238: creating examples/advanced/polynomialFit/Makefile
config.status:1238: creating examples/advanced/referenceCounting/Makefile
config.status:1238: creating examples/advanced/rooInterface/Makefile
config.status:1238: creating examples/advanced/trialFunction/Makefile
config.status:1238: creating doc/Makefile
config.status:1238: creating doc/manual/Makefile
config.status:1238: creating doc/ref-guide/Makefile
config.status:1238: creating config.h
config.status:1467: executing depfiles commands
config.status:1467: executing libtool commands

## ---------------- ##
## Cache variables. ##
## ---------------- ##

ac_cv_build=x86_64-pc-linux-gnu
ac_cv_c_compiler_gnu=yes
ac_cv_cxx_compiler_gnu=yes
ac_cv_env_CCC_set=
ac_cv_env_CCC_value=
ac_cv_env_CC_set=set
ac_cv_env_CC_value=/cvmfs/atlas.cern.ch/repo/ATLASLocalRootBase/x86_64/Gcc/gcc620_x86_64_slc6/6.2.0/x86_64-slc6/bin/gcc
ac_cv_env_CFLAGS_set=
ac_cv_env_CFLAGS_value=
ac_cv_env_CPPFLAGS_set=
ac_cv_env_CPPFLAGS_value=
ac_cv_env_CPP_set=
ac_cv_env_CPP_value=
ac_cv_env_CXXCPP_set=
ac_cv_env_CXXCPP_value=
ac_cv_env_CXXFLAGS_set=
ac_cv_env_CXXFLAGS_value=
ac_cv_env_CXX_set=set
ac_cv_env_CXX_value=/cvmfs/atlas.cern.ch/repo/ATLASLocalRootBase/x86_64/Gcc/gcc620_x86_64_slc6/6.2.0/x86_64-slc6/bin/g++
ac_cv_env_LDFLAGS_set=
ac_cv_env_LDFLAGS_value=
ac_cv_env_LIBS_set=
ac_cv_env_LIBS_value=
ac_cv_env_LT_SYS_LIBRARY_PATH_set=
ac_cv_env_LT_SYS_LIBRARY_PATH_value=
ac_cv_env_build_alias_set=
ac_cv_env_build_alias_value=
ac_cv_env_host_alias_set=
ac_cv_env_host_alias_value=
ac_cv_env_target_alias_set=
ac_cv_env_target_alias_value=
ac_cv_func_utime_null=yes
ac_cv_header_dlfcn_h=yes
ac_cv_header_inttypes_h=yes
ac_cv_header_memory_h=yes
ac_cv_header_stdc=yes
ac_cv_header_stdint_h=yes
ac_cv_header_stdlib_h=yes
ac_cv_header_string_h=yes
ac_cv_header_strings_h=yes
ac_cv_header_sys_stat_h=yes
ac_cv_header_sys_types_h=yes
ac_cv_header_unistd_h=yes
ac_cv_header_utime_h=yes
ac_cv_host=x86_64-pc-linux-gnu
ac_cv_objext=o
ac_cv_path_EGREP='/bin/grep -E'
ac_cv_path_FGREP='/bin/grep -F'
ac_cv_path_GREP=/bin/grep
ac_cv_path_RLIBMAP=false
ac_cv_path_ROOTCINT=/cvmfs/atlas.cern.ch/repo/ATLASLocalRootBase/x86_64/root/6.10.04-x86_64-slc6-gcc62-opt/bin/rootcint
ac_cv_path_ROOTCLING=/cvmfs/atlas.cern.ch/repo/ATLASLocalRootBase/x86_64/root/6.10.04-x86_64-slc6-gcc62-opt/bin/rootcling
ac_cv_path_ROOTCONF=/cvmfs/atlas.cern.ch/repo/ATLASLocalRootBase/x86_64/root/6.10.04-x86_64-slc6-gcc62-opt/bin/root-config
ac_cv_path_ROOTEXEC=/cvmfs/atlas.cern.ch/repo/ATLASLocalRootBase/x86_64/root/6.10.04-x86_64-slc6-gcc62-opt/bin/root
ac_cv_path_SED=/bin/sed
ac_cv_path_install='/usr/bin/install -c'
ac_cv_path_lt_DD=/bin/dd
ac_cv_path_mkdir=/bin/mkdir
ac_cv_prog_AWK=gawk
ac_cv_prog_CPP='/cvmfs/atlas.cern.ch/repo/ATLASLocalRootBase/x86_64/Gcc/gcc620_x86_64_slc6/6.2.0/x86_64-slc6/bin/gcc -E'
ac_cv_prog_CURL=curl
ac_cv_prog_CXXCPP='/cvmfs/atlas.cern.ch/repo/ATLASLocalRootBase/x86_64/Gcc/gcc620_x86_64_slc6/6.2.0/x86_64-slc6/bin/g++ -E'
ac_cv_prog_PKGCONFIG=pkg-config
ac_cv_prog_WGET=wget
ac_cv_prog_ac_ct_AR=ar
ac_cv_prog_ac_ct_CC=/cvmfs/atlas.cern.ch/repo/ATLASLocalRootBase/x86_64/Gcc/gcc620_x86_64_slc6/6.2.0/x86_64-slc6/bin/gcc
ac_cv_prog_ac_ct_OBJDUMP=objdump
ac_cv_prog_ac_ct_RANLIB=ranlib
ac_cv_prog_ac_ct_STRIP=strip
ac_cv_prog_cc_c89=
ac_cv_prog_cc_g=yes
ac_cv_prog_cxx_g=yes
ac_cv_prog_make_make_set=yes
am_cv_CC_dependencies_compiler_type=gcc3
am_cv_CXX_dependencies_compiler_type=gcc3
am_cv_make_support_nested_variables=yes
am_cv_prog_cc_c_o=yes
ax_cv_cxx_openmp=-fopenmp
lt_cv_ar_at_file=@
lt_cv_archive_cmds_need_lc=no
lt_cv_deplibs_check_method=pass_all
lt_cv_file_magic_cmd='$MAGIC_CMD'
lt_cv_file_magic_test_file=
lt_cv_ld_reload_flag=-r
lt_cv_nm_interface='BSD nm'
lt_cv_objdir=.libs
lt_cv_path_LD=/usr/bin/ld
lt_cv_path_LDCXX='/usr/bin/ld -m elf_x86_64'
lt_cv_path_NM='/usr/bin/nm -B'
lt_cv_path_mainfest_tool=no
lt_cv_prog_compiler_c_o=yes
lt_cv_prog_compiler_c_o_CXX=yes
lt_cv_prog_compiler_pic='-fPIC -DPIC'
lt_cv_prog_compiler_pic_CXX='-fPIC -DPIC'
lt_cv_prog_compiler_pic_works=yes
lt_cv_prog_compiler_pic_works_CXX=yes
lt_cv_prog_compiler_rtti_exceptions=no
lt_cv_prog_compiler_static_works=yes
lt_cv_prog_compiler_static_works_CXX=yes
lt_cv_prog_gnu_ld=yes
lt_cv_prog_gnu_ldcxx=yes
lt_cv_sharedlib_from_linklib_cmd='printf %s\n'
lt_cv_shlibpath_overrides_runpath=no
lt_cv_sys_global_symbol_pipe='sed -n -e '\''s/^.*[	 ]\([ABCDGIRSTW][ABCDGIRSTW]*\)[	 ][	 ]*\([_A-Za-z][_A-Za-z0-9]*\)$/\1 \2 \2/p'\'' | sed '\''/ __gnu_lto/d'\'''
lt_cv_sys_global_symbol_to_c_name_address='sed -n -e '\''s/^: \(.*\) .*$/  {"\1", (void *) 0},/p'\'' -e '\''s/^[ABCDGIRSTW][ABCDGIRSTW]* .* \(.*\)$/  {"\1", (void *) \&\1},/p'\'''
lt_cv_sys_global_symbol_to_c_name_address_lib_prefix='sed -n -e '\''s/^: \(.*\) .*$/  {"\1", (void *) 0},/p'\'' -e '\''s/^[ABCDGIRSTW][ABCDGIRSTW]* .* \(lib.*\)$/  {"\1", (void *) \&\1},/p'\'' -e '\''s/^[ABCDGIRSTW][ABCDGIRSTW]* .* \(.*\)$/  {"lib\1", (void *) \&\1},/p'\'''
lt_cv_sys_global_symbol_to_cdecl='sed -n -e '\''s/^T .* \(.*\)$/extern int \1();/p'\'' -e '\''s/^[ABCDGIRSTW][ABCDGIRSTW]* .* \(.*\)$/extern char \1;/p'\'''
lt_cv_sys_global_symbol_to_import=
lt_cv_sys_max_cmd_len=1572864
lt_cv_to_host_file_cmd=func_convert_file_noop
lt_cv_to_tool_file_cmd=func_convert_file_noop
lt_cv_truncate_bin='/bin/dd bs=4096 count=1'

## ----------------- ##
## Output variables. ##
## ----------------- ##

ACLOCAL='${SHELL} /global/homes/t/tongou/ttbar/BAT-1.0.0/missing aclocal-1.15'
AMDEPBACKSLASH='\'
AMDEP_FALSE='#'
AMDEP_TRUE=''
AMTAR='$${TAR-tar}'
AM_BACKSLASH='\'
AM_CXXFLAGS='-O2 -Wno-unknown-pragmas'
AM_DEFAULT_V='$(AM_DEFAULT_VERBOSITY)'
AM_DEFAULT_VERBOSITY='1'
AM_V='$(V)'
AR='ar'
AUTOCONF='${SHELL} /global/homes/t/tongou/ttbar/BAT-1.0.0/missing autoconf'
AUTOHEADER='${SHELL} /global/homes/t/tongou/ttbar/BAT-1.0.0/missing autoheader'
AUTOMAKE='${SHELL} /global/homes/t/tongou/ttbar/BAT-1.0.0/missing automake-1.15'
AWK='gawk'
BAT_MANUAL_PDF='BAT-manual.pdf'
CC='/cvmfs/atlas.cern.ch/repo/ATLASLocalRootBase/x86_64/Gcc/gcc620_x86_64_slc6/6.2.0/x86_64-slc6/bin/gcc'
CCDEPMODE='depmode=gcc3'
CFLAGS=''
COND_PKGCONFIG_FALSE='#'
COND_PKGCONFIG_TRUE=''
COND_USE_RPATH_FALSE=''
COND_USE_RPATH_TRUE='#'
CPP='/cvmfs/atlas.cern.ch/repo/ATLASLocalRootBase/x86_64/Gcc/gcc620_x86_64_slc6/6.2.0/x86_64-slc6/bin/gcc -E'
CPPFLAGS=''
CUBAINCLUDE=''
CUBALIB=''
CUBA_FALSE=''
CUBA_TRUE='#'
CURL='curl'
CXX='/cvmfs/atlas.cern.ch/repo/ATLASLocalRootBase/x86_64/Gcc/gcc620_x86_64_slc6/6.2.0/x86_64-slc6/bin/g++'
CXXCPP='/cvmfs/atlas.cern.ch/repo/ATLASLocalRootBase/x86_64/Gcc/gcc620_x86_64_slc6/6.2.0/x86_64-slc6/bin/g++ -E'
CXXDEPMODE='depmode=gcc3'
CXXFLAGS=' -fopenmp'
CYGPATH_W='echo'
DEFS='-DHAVE_CONFIG_H'
DEPDIR='.deps'
DEP_CFLAGS=' -fopenmp -pthread -std=c++1y -m64 -I/cvmfs/atlas.cern.ch/repo/ATLASLocalRootBase/x86_64/root/6.10.04-x86_64-slc6-gcc62-opt/include'
DEP_LIBS=' -fopenmp -L/cvmfs/atlas.cern.ch/repo/ATLASLocalRootBase/x86_64/root/6.10.04-x86_64-slc6-gcc62-opt/lib -lCore -lRIO -lNet -lHist -lGraf -lGraf3d -lGpad -lTree -lRint -lPostscript -lMatrix -lPhysics -lMathCore -lThread -lMultiProc -lMinuit -lMathMore'
DLLTOOL='false'
DSYMUTIL=''
DUMPBIN=''
ECHO_C=''
ECHO_N='-n'
ECHO_T=''
EGREP='/bin/grep -E'
EXEEXT=''
FGREP='/bin/grep -F'
GREP='/bin/grep'
INSTALL_DATA='${INSTALL} -m 644'
INSTALL_PROGRAM='${INSTALL}'
INSTALL_SCRIPT='${INSTALL}'
INSTALL_STRIP_PROGRAM='$(install_sh) -c -s'
IS_DARWIN_FALSE=''
IS_DARWIN_TRUE='#'
LD='/usr/bin/ld -m elf_x86_64'
LDFLAGS=' -fopenmp'
LIBOBJS=''
LIBS=''
LIBTOOL='$(SHELL) $(top_builddir)/libtool'
LIPO=''
LN_S='ln -s'
LTLIBOBJS=''
LT_SYS_LIBRARY_PATH=''
MAKEINFO='${SHELL} /global/homes/t/tongou/ttbar/BAT-1.0.0/missing makeinfo'
MANIFEST_TOOL=':'
MKDIR_P='/bin/mkdir -p'
NM='/usr/bin/nm -B'
NMEDIT=''
OBJDUMP='objdump'
OBJEXT='o'
OTOOL64=''
OTOOL=''
PACKAGE='BAT'
PACKAGE_BUGREPORT=''
PACKAGE_NAME='BAT'
PACKAGE_STRING='BAT 1.0.0'
PACKAGE_TARNAME='BAT'
PACKAGE_URL=''
PACKAGE_VERSION='1.0.0'
PATH_SEPARATOR=':'
PKGCONFIG='pkg-config'
PKG_LIBS='-lBAT -lBATmodels -lBATmtf'
RANLIB='ranlib'
RLIBMAP='false'
ROOSTATS_FALSE=''
ROOSTATS_TRUE='#'
ROOTAUXCFLAGS='-pthread -std=c++1y -m64'
ROOTAUXLIBS='-pthread -lm -ldl -rdynamic'
ROOTCFLAGS='-I/cvmfs/atlas.cern.ch/repo/ATLASLocalRootBase/x86_64/root/6.10.04-x86_64-slc6-gcc62-opt/include'
ROOTCINT='/cvmfs/atlas.cern.ch/repo/ATLASLocalRootBase/x86_64/root/6.10.04-x86_64-slc6-gcc62-opt/bin/rootcint'
ROOTCLING='/cvmfs/atlas.cern.ch/repo/ATLASLocalRootBase/x86_64/root/6.10.04-x86_64-slc6-gcc62-opt/bin/rootcling'
ROOTCONF='/cvmfs/atlas.cern.ch/repo/ATLASLocalRootBase/x86_64/root/6.10.04-x86_64-slc6-gcc62-opt/bin/root-config'
ROOTETCDIR='/cvmfs/atlas.cern.ch/repo/ATLASLocalRootBase/x86_64/root/6.10.04-x86_64-slc6-gcc62-opt/etc'
ROOTEXEC='/cvmfs/atlas.cern.ch/repo/ATLASLocalRootBase/x86_64/root/6.10.04-x86_64-slc6-gcc62-opt/bin/root'
ROOTGLIBS='-lGui -lCore -lRIO -lNet -lHist -lGraf -lGraf3d -lGpad -lTree -lRint -lPostscript -lMatrix -lPhysics -lMathCore -lThread -lMultiProc'
ROOTINCDIR='/cvmfs/atlas.cern.ch/repo/ATLASLocalRootBase/x86_64/root/6.10.04-x86_64-slc6-gcc62-opt/include'
ROOTLIBDIR='/cvmfs/atlas.cern.ch/repo/ATLASLocalRootBase/x86_64/root/6.10.04-x86_64-slc6-gcc62-opt/lib'
ROOTLIBDIRFLAGS='-L/cvmfs/atlas.cern.ch/repo/ATLASLocalRootBase/x86_64/root/6.10.04-x86_64-slc6-gcc62-opt/lib'
ROOTLIBS='-lCore -lRIO -lNet -lHist -lGraf -lGraf3d -lGpad -lTree -lRint -lPostscript -lMatrix -lPhysics -lMathCore -lThread -lMultiProc -lMinuit -lMathMore'
ROOTMATHMORE_FALSE='#'
ROOTMATHMORE_TRUE=''
ROOTRPATH='/cvmfs/atlas.cern.ch/repo/ATLASLocalRootBase/x86_64/root/6.10.04-x86_64-slc6-gcc62-opt/lib'
ROOTSOVERSION='6.10'
ROOTVERSION='6010004'
SED='/bin/sed'
SET_MAKE=''
SHELL='/bin/sh'
SHLIBEXT='.so'
STRIP='strip'
THREAD_PARALLELIZATION_FALSE='#'
THREAD_PARALLELIZATION_TRUE=''
VERSION='1.0.0'
WGET='wget'
WITH_CLING_FALSE='#'
WITH_CLING_TRUE=''
ac_ct_AR='ar'
ac_ct_CC='/cvmfs/atlas.cern.ch/repo/ATLASLocalRootBase/x86_64/Gcc/gcc620_x86_64_slc6/6.2.0/x86_64-slc6/bin/gcc'
ac_ct_CXX=''
ac_ct_DUMPBIN=''
am__EXEEXT_FALSE=''
am__EXEEXT_TRUE='#'
am__fastdepCC_FALSE='#'
am__fastdepCC_TRUE=''
am__fastdepCXX_FALSE='#'
am__fastdepCXX_TRUE=''
am__include='include'
am__isrc=''
am__leading_dot='.'
am__nodep='_no'
am__quote=''
am__tar='$${TAR-tar} chof - "$$tardir"'
am__untar='$${TAR-tar} xf -'
bindir='${exec_prefix}/bin'
build='x86_64-pc-linux-gnu'
build_alias=''
build_cpu='x86_64'
build_os='linux-gnu'
build_vendor='pc'
cuba_bin_dir=''
datadir='${datarootdir}'
datarootdir='${prefix}/share'
docdir='${datarootdir}/doc/${PACKAGE_TARNAME}'
dvidir='${docdir}'
exec_prefix='${prefix}'
host='x86_64-pc-linux-gnu'
host_alias=''
host_cpu='x86_64'
host_os='linux-gnu'
host_vendor='pc'
htmldir='${docdir}'
includedir='${prefix}/include'
infodir='${datarootdir}/info'
install_sh='${SHELL} /global/homes/t/tongou/ttbar/BAT-1.0.0/install-sh'
libdir='${exec_prefix}/lib'
libexecdir='${exec_prefix}/libexec'
localedir='${datarootdir}/locale'
localstatedir='${prefix}/var'
mandir='${datarootdir}/man'
mkdir_p='$(MKDIR_P)'
oldincludedir='/usr/include'
pdfdir='${docdir}'
prefix='/global/homes/t/tongou/ttbar/batinstall'
program_transform_name='s,x,x,'
psdir='${docdir}'
runstatedir='${localstatedir}/run'
sbindir='${exec_prefix}/sbin'
sharedstatedir='${prefix}/com'
sysconfdir='${prefix}/etc'
target_alias=''

## ----------- ##
## confdefs.h. ##
## ----------- ##

/* confdefs.h */
#define PACKAGE_NAME "BAT"
#define PACKAGE_TARNAME "BAT"
#define PACKAGE_VERSION "1.0.0"
#define PACKAGE_STRING "BAT 1.0.0"
#define PACKAGE_BUGREPORT ""
#define PACKAGE_URL ""
#define PACKAGE "BAT"
#define VERSION "1.0.0"
#define STDC_HEADERS 1
#define HAVE_SYS_TYPES_H 1
#define HAVE_SYS_STAT_H 1
#define HAVE_STDLIB_H 1
#define HAVE_STRING_H 1
#define HAVE_MEMORY_H 1
#define HAVE_STRINGS_H 1
#define HAVE_INTTYPES_H 1
#define HAVE_STDINT_H 1
#define HAVE_UNISTD_H 1
#define HAVE_DLFCN_H 1
#define LT_OBJDIR ".libs/"
#define STDC_HEADERS 1
#define HAVE_UTIME_H 1
#define HAVE_UTIME_NULL 1
#define THREAD_PARALLELIZATION 1
#define CUBA_MIN_VERSION 3.3
#define ROOTVERSION 6010004
#define ROOTMATHMORE 1
#define BAT_BUILDDIR "/global/homes/t/tongou/ttbar/BAT-1.0.0"
#define BAT_SRCDIR "/global/u1/t/tongou/ttbar/BAT-1.0.0"
#define BAT_TESTDIR "/global/homes/t/tongou/ttbar/BAT-1.0.0/test/"

configure: exit 0
